fc6/app/build/intermediates/manifest_merge_blame_file/debug/processDebugMainManifest/manifest-merger-blame-debug-report.txt
1<?xml version="1.0" encoding="utf-8"?>
2<manifest xmlns:android="http://schemas.android.com/apk/res/android"
3    package="edu.utap.firebaseauth"
4    android:versionCode="1"
5    android:versionName="1.0" >
6
7    <uses-sdk
8        android:minSdkVersion="33"
9        android:targetSdkVersion="36" />
10
11    <uses-permission android:name="android.permission.ACCESS_NETWORK_STATE" />
11-->[com.firebaseui:firebase-ui-auth:9.1.1] AndroidManifest.xml:8:5-79
11-->[com.firebaseui:firebase-ui-auth:9.1.1] AndroidManifest.xml:8:22-76
12    <uses-permission android:name="android.permission.INTERNET" /> <!-- Used to check if a browser is available before launching phone auth -->
12-->[com.firebaseui:firebase-ui-auth:9.1.1] AndroidManifest.xml:9:5-67
12-->[com.firebaseui:firebase-ui-auth:9.1.1] AndroidManifest.xml:9:22-64
13    <!-- See ui/phone/PhoneNumberVerificationHandler.isBrowserAvailable() -->
14    <queries>
14-->[com.firebaseui:firebase-ui-auth:9.1.1] AndroidManifest.xml:13:5-21:15
15        <intent>
15-->[com.firebaseui:firebase-ui-auth:9.1.1] AndroidManifest.xml:14:9-20:18
16            <action android:name="android.intent.action.VIEW" />
16-->[com.firebaseui:firebase-ui-auth:9.1.1] AndroidManifest.xml:15:13-65
16-->[com.firebaseui:firebase-ui-auth:9.1.1] AndroidManifest.xml:15:21-62
17
18            <category android:name="android.intent.category.BROWSABLE" />
18-->[com.firebaseui:firebase-ui-auth:9.1.1] AndroidManifest.xml:17:13-74
18-->[com.firebaseui:firebase-ui-auth:9.1.1] AndroidManifest.xml:17:23-71
19
20            <data android:scheme="http" />
20-->[com.firebaseui:firebase-ui-auth:9.1.1] AndroidManifest.xml:19:13-43
20-->[com.firebaseui:firebase-ui-auth:9.1.1] AndroidManifest.xml:19:19-40
21        </intent>
22    </queries>
23
24    <uses-permission android:name="com.google.android.providers.gsf.permission.READ_GSERVICES" />
24-->[com.google.android.recaptcha:recaptcha:18.6.1] AndroidManifest.xml:9:5-98
24-->[com.google.android.recaptcha:recaptcha:18.6.1] AndroidManifest.xml:9:22-95
25
26    <permission
26-->[androidx.core:core:1.17.0] AndroidManifest.xml:22:5-24:47
27        android:name="edu.utap.firebaseauth.DYNAMIC_RECEIVER_NOT_EXPORTED_PERMISSION"
27-->[androidx.core:core:1.17.0] AndroidManifest.xml:23:9-81
28        android:protectionLevel="signature" />
28-->[androidx.core:core:1.17.0] AndroidManifest.xml:24:9-44
29
30    <uses-permission android:name="edu.utap.firebaseauth.DYNAMIC_RECEIVER_NOT_EXPORTED_PERMISSION" />
30-->[androidx.core:core:1.17.0] AndroidManifest.xml:26:5-97
30-->[androidx.core:core:1.17.0] AndroidManifest.xml:26:22-94
31
32    <application
32-->src/main/AndroidManifest.xml:5:5-27:19
33        android:allowBackup="true"
33-->src/main/AndroidManifest.xml:6:9-35
34        android:appComponentFactory="androidx.core.app.CoreComponentFactory"
34-->[androidx.core:core:1.17.0] AndroidManifest.xml:28:18-86
35        android:dataExtractionRules="@xml/data_extraction_rules"
35-->src/main/AndroidManifest.xml:7:9-65
36        android:debuggable="true"
37        android:extractNativeLibs="false"
38        android:fullBackupContent="@xml/backup_rules"
38-->src/main/AndroidManifest.xml:8:9-54
39        android:icon="@mipmap/ic_launcher"
39-->src/main/AndroidManifest.xml:9:9-43
40        android:label="@string/app_name"
40-->src/main/AndroidManifest.xml:10:9-41
41        android:roundIcon="@mipmap/ic_launcher_round"
41-->src/main/AndroidManifest.xml:11:9-54
42        android:supportsRtl="true"
42-->src/main/AndroidManifest.xml:12:9-35
43        android:testOnly="true"
44        android:theme="@style/Theme.FirebaseAuth" >
44-->src/main/AndroidManifest.xml:13:9-50
45        <activity
45-->src/main/AndroidManifest.xml:15:9-26:20
46            android:name="edu.utap.firebaseauth.MainActivity"
46-->src/main/AndroidManifest.xml:16:13-41
47            android:exported="true" >
47-->src/main/AndroidManifest.xml:17:13-36
48            <intent-filter>
48-->src/main/AndroidManifest.xml:18:13-21:29
49                <action android:name="android.intent.action.MAIN" />
49-->src/main/AndroidManifest.xml:19:17-69
49-->src/main/AndroidManifest.xml:19:25-66
50
51                <category android:name="android.intent.category.LAUNCHER" />
51-->src/main/AndroidManifest.xml:20:17-77
51-->src/main/AndroidManifest.xml:20:27-74
52            </intent-filter>
53
54            <meta-data
54-->src/main/AndroidManifest.xml:23:13-25:36
55                android:name="android.app.lib_name"
55-->src/main/AndroidManifest.xml:24:17-52
56                android:value="" />
56-->src/main/AndroidManifest.xml:25:17-33
57        </activity>
58
59        <meta-data
59-->[com.firebaseui:firebase-ui-auth:9.1.1] AndroidManifest.xml:24:9-26:69
60            android:name="com.google.android.gms.version"
60-->[com.firebaseui:firebase-ui-auth:9.1.1] AndroidManifest.xml:25:13-58
61            android:value="@integer/google_play_services_version" />
61-->[com.firebaseui:firebase-ui-auth:9.1.1] AndroidManifest.xml:26:13-66
62        <meta-data
62-->[com.firebaseui:firebase-ui-auth:9.1.1] AndroidManifest.xml:27:9-29:63
63            android:name="com.facebook.sdk.ApplicationId"
63-->[com.firebaseui:firebase-ui-auth:9.1.1] AndroidManifest.xml:28:13-58
64            android:value="@string/facebook_application_id" />
64-->[com.firebaseui:firebase-ui-auth:9.1.1] AndroidManifest.xml:29:13-60
65
66        <activity
66-->[com.firebaseui:firebase-ui-auth:9.1.1] AndroidManifest.xml:31:9-35:61
67            android:name="com.firebase.ui.auth.KickoffActivity"
67-->[com.firebaseui:firebase-ui-auth:9.1.1] AndroidManifest.xml:32:13-64
68            android:exported="false"
68-->[com.firebaseui:firebase-ui-auth:9.1.1] AndroidManifest.xml:33:13-37
69            android:label=""
69-->[com.firebaseui:firebase-ui-auth:9.1.1] AndroidManifest.xml:34:13-29
70            android:theme="@style/FirebaseUI.Transparent" />
70-->[com.firebaseui:firebase-ui-auth:9.1.1] AndroidManifest.xml:35:13-58
71        <activity
71-->[com.firebaseui:firebase-ui-auth:9.1.1] AndroidManifest.xml:36:9-40:61
72            android:name="com.firebase.ui.auth.ui.idp.SingleSignInActivity"
72-->[com.firebaseui:firebase-ui-auth:9.1.1] AndroidManifest.xml:37:13-76
73            android:exported="false"
73-->[com.firebaseui:firebase-ui-auth:9.1.1] AndroidManifest.xml:38:13-37
74            android:label=""
74-->[com.firebaseui:firebase-ui-auth:9.1.1] AndroidManifest.xml:39:13-29
75            android:theme="@style/FirebaseUI.Transparent" />
75-->[com.firebaseui:firebase-ui-auth:9.1.1] AndroidManifest.xml:40:13-58
76        <activity
76-->[com.firebaseui:firebase-ui-auth:9.1.1] AndroidManifest.xml:41:9-45:61
77            android:name="com.firebase.ui.auth.ui.credentials.CredentialSaveActivity"
77-->[com.firebaseui:firebase-ui-auth:9.1.1] AndroidManifest.xml:42:13-86
78            android:exported="false"
78-->[com.firebaseui:firebase-ui-auth:9.1.1] AndroidManifest.xml:43:13-37
79            android:label=""
79-->[com.firebaseui:firebase-ui-auth:9.1.1] AndroidManifest.xml:44:13-29
80            android:theme="@style/FirebaseUI.Transparent" />
80-->[com.firebaseui:firebase-ui-auth:9.1.1] AndroidManifest.xml:45:13-58
81        <activity
81-->[com.firebaseui:firebase-ui-auth:9.1.1] AndroidManifest.xml:46:9-50:58
82            android:name="com.firebase.ui.auth.ui.email.RecoverPasswordActivity"
82-->[com.firebaseui:firebase-ui-auth:9.1.1] AndroidManifest.xml:47:13-81
83            android:exported="false"
83-->[com.firebaseui:firebase-ui-auth:9.1.1] AndroidManifest.xml:48:13-37
84            android:label="@string/fui_title_recover_password_activity"
84-->[com.firebaseui:firebase-ui-auth:9.1.1] AndroidManifest.xml:49:13-72
85            android:windowSoftInputMode="adjustResize" />
85-->[com.firebaseui:firebase-ui-auth:9.1.1] AndroidManifest.xml:50:13-55
86        <activity
86-->[com.firebaseui:firebase-ui-auth:9.1.1] AndroidManifest.xml:51:9-55:58
87            android:name="com.firebase.ui.auth.ui.email.EmailActivity"
87-->[com.firebaseui:firebase-ui-auth:9.1.1] AndroidManifest.xml:52:13-71
88            android:exported="false"
88-->[com.firebaseui:firebase-ui-auth:9.1.1] AndroidManifest.xml:53:13-37
89            android:label="@string/fui_sign_in_default"
89-->[com.firebaseui:firebase-ui-auth:9.1.1] AndroidManifest.xml:54:13-56
90            android:windowSoftInputMode="adjustResize" />
90-->[com.firebaseui:firebase-ui-auth:9.1.1] AndroidManifest.xml:55:13-55
91        <activity
91-->[com.firebaseui:firebase-ui-auth:9.1.1] AndroidManifest.xml:56:9-60:77
92            android:name="com.firebase.ui.auth.ui.phone.PhoneActivity"
92-->[com.firebaseui:firebase-ui-auth:9.1.1] AndroidManifest.xml:57:13-71
93            android:exported="false"
93-->[com.firebaseui:firebase-ui-auth:9.1.1] AndroidManifest.xml:58:13-37
94            android:label="@string/fui_sign_in_with_phone_number"
94-->[com.firebaseui:firebase-ui-auth:9.1.1] AndroidManifest.xml:59:13-66
95            android:windowSoftInputMode="adjustResize|stateAlwaysVisible" />
95-->[com.firebaseui:firebase-ui-auth:9.1.1] AndroidManifest.xml:60:13-74
96        <activity
96-->[com.firebaseui:firebase-ui-auth:9.1.1] AndroidManifest.xml:61:9-65:58
97            android:name="com.firebase.ui.auth.ui.idp.WelcomeBackIdpPrompt"
97-->[com.firebaseui:firebase-ui-auth:9.1.1] AndroidManifest.xml:62:13-76
98            android:exported="false"
98-->[com.firebaseui:firebase-ui-auth:9.1.1] AndroidManifest.xml:63:13-37
99            android:label="@string/fui_title_welcome_back_idp_prompt"
99-->[com.firebaseui:firebase-ui-auth:9.1.1] AndroidManifest.xml:64:13-70
100            android:windowSoftInputMode="adjustResize" />
100-->[com.firebaseui:firebase-ui-auth:9.1.1] AndroidManifest.xml:65:13-55
101        <activity
101-->[com.firebaseui:firebase-ui-auth:9.1.1] AndroidManifest.xml:66:9-70:58
102            android:name="com.firebase.ui.auth.ui.email.WelcomeBackPasswordPrompt"
102-->[com.firebaseui:firebase-ui-auth:9.1.1] AndroidManifest.xml:67:13-83
103            android:exported="false"
103-->[com.firebaseui:firebase-ui-auth:9.1.1] AndroidManifest.xml:68:13-37
104            android:label="@string/fui_title_welcome_back_password_prompt"
104-->[com.firebaseui:firebase-ui-auth:9.1.1] AndroidManifest.xml:69:13-75
105            android:windowSoftInputMode="adjustResize" />
105-->[com.firebaseui:firebase-ui-auth:9.1.1] AndroidManifest.xml:70:13-55
106        <activity
106-->[com.firebaseui:firebase-ui-auth:9.1.1] AndroidManifest.xml:71:9-75:58
107            android:name="com.firebase.ui.auth.ui.email.WelcomeBackEmailLinkPrompt"
107-->[com.firebaseui:firebase-ui-auth:9.1.1] AndroidManifest.xml:72:13-84
108            android:exported="false"
108-->[com.firebaseui:firebase-ui-auth:9.1.1] AndroidManifest.xml:73:13-37
109            android:label="@string/fui_title_welcome_back_password_prompt"
109-->[com.firebaseui:firebase-ui-auth:9.1.1] AndroidManifest.xml:74:13-75
110            android:windowSoftInputMode="adjustResize" />
110-->[com.firebaseui:firebase-ui-auth:9.1.1] AndroidManifest.xml:75:13-55
111        <activity
111-->[com.firebaseui:firebase-ui-auth:9.1.1] AndroidManifest.xml:76:9-81:58
112            android:name="com.firebase.ui.auth.ui.email.EmailLinkCatcherActivity"
112-->[com.firebaseui:firebase-ui-auth:9.1.1] AndroidManifest.xml:77:13-82
113            android:exported="false"
113-->[com.firebaseui:firebase-ui-auth:9.1.1] AndroidManifest.xml:78:13-37
114            android:label=""
114-->[com.firebaseui:firebase-ui-auth:9.1.1] AndroidManifest.xml:79:13-29
115            android:theme="@style/FirebaseUI.Transparent"
115-->[com.firebaseui:firebase-ui-auth:9.1.1] AndroidManifest.xml:80:13-58
116            android:windowSoftInputMode="adjustResize" />
116-->[com.firebaseui:firebase-ui-auth:9.1.1] AndroidManifest.xml:81:13-55
117        <activity
117-->[com.firebaseui:firebase-ui-auth:9.1.1] AndroidManifest.xml:82:9-86:58
118            android:name="com.firebase.ui.auth.ui.email.EmailLinkErrorRecoveryActivity"
118-->[com.firebaseui:firebase-ui-auth:9.1.1] AndroidManifest.xml:83:13-88
119            android:exported="false"
119-->[com.firebaseui:firebase-ui-auth:9.1.1] AndroidManifest.xml:84:13-37
120            android:label="@string/fui_sign_in_default"
120-->[com.firebaseui:firebase-ui-auth:9.1.1] AndroidManifest.xml:85:13-56
121            android:windowSoftInputMode="adjustResize" />
121-->[com.firebaseui:firebase-ui-auth:9.1.1] AndroidManifest.xml:86:13-55
122        <activity
122-->[com.firebaseui:firebase-ui-auth:9.1.1] AndroidManifest.xml:87:9-90:65
123            android:name="com.firebase.ui.auth.ui.idp.AuthMethodPickerActivity"
123-->[com.firebaseui:firebase-ui-auth:9.1.1] AndroidManifest.xml:88:13-80
124            android:exported="false"
124-->[com.firebaseui:firebase-ui-auth:9.1.1] AndroidManifest.xml:89:13-37
125            android:label="@string/fui_default_toolbar_title" />
125-->[com.firebaseui:firebase-ui-auth:9.1.1] AndroidManifest.xml:90:13-62
126        <activity
126-->[com.firebaseui:firebase-ui-auth:9.1.1] AndroidManifest.xml:91:9-95:48
127            android:name="com.facebook.FacebookActivity"
127-->[com.firebaseui:firebase-ui-auth:9.1.1] AndroidManifest.xml:92:13-57
128            android:configChanges="keyboard|keyboardHidden|screenLayout|screenSize|orientation"
128-->[com.firebaseui:firebase-ui-auth:9.1.1] AndroidManifest.xml:93:13-96
129            android:label="@string/app_name" />
129-->[com.firebaseui:firebase-ui-auth:9.1.1] AndroidManifest.xml:94:13-45
130        <activity
130-->[com.firebaseui:firebase-ui-auth:9.1.1] AndroidManifest.xml:96:9-108:20
131            android:name="com.facebook.CustomTabActivity"
131-->[com.firebaseui:firebase-ui-auth:9.1.1] AndroidManifest.xml:97:13-58
132            android:exported="true" >
132-->[com.firebaseui:firebase-ui-auth:9.1.1] AndroidManifest.xml:98:13-36
133            <intent-filter>
133-->[com.firebaseui:firebase-ui-auth:9.1.1] AndroidManifest.xml:100:13-107:29
134                <action android:name="android.intent.action.VIEW" />
134-->[com.firebaseui:firebase-ui-auth:9.1.1] AndroidManifest.xml:15:13-65
134-->[com.firebaseui:firebase-ui-auth:9.1.1] AndroidManifest.xml:15:21-62
135
136                <category android:name="android.intent.category.DEFAULT" />
136-->[com.firebaseui:firebase-ui-auth:9.1.1] AndroidManifest.xml:103:17-76
136-->[com.firebaseui:firebase-ui-auth:9.1.1] AndroidManifest.xml:103:27-73
137                <category android:name="android.intent.category.BROWSABLE" />
137-->[com.firebaseui:firebase-ui-auth:9.1.1] AndroidManifest.xml:17:13-74
137-->[com.firebaseui:firebase-ui-auth:9.1.1] AndroidManifest.xml:17:23-71
138
139                <data android:scheme="@string/facebook_login_protocol_scheme" />
139-->[com.firebaseui:firebase-ui-auth:9.1.1] AndroidManifest.xml:19:13-43
139-->[com.firebaseui:firebase-ui-auth:9.1.1] AndroidManifest.xml:19:19-40
140            </intent-filter>
141        </activity>
142
143        <provider
143-->[com.firebaseui:firebase-ui-auth:9.1.1] AndroidManifest.xml:110:9-114:38
144            android:name="com.firebase.ui.auth.data.client.AuthUiInitProvider"
144-->[com.firebaseui:firebase-ui-auth:9.1.1] AndroidManifest.xml:111:13-79
145            android:authorities="edu.utap.firebaseauth.authuiinitprovider"
145-->[com.firebaseui:firebase-ui-auth:9.1.1] AndroidManifest.xml:112:13-70
146            android:exported="false"
146-->[com.firebaseui:firebase-ui-auth:9.1.1] AndroidManifest.xml:113:13-37
147            android:initOrder="90" />
147-->[com.firebaseui:firebase-ui-auth:9.1.1] AndroidManifest.xml:114:13-35
148
149        <activity
149-->[com.google.firebase:firebase-auth:24.0.1] AndroidManifest.xml:29:9-46:20
150            android:name="com.google.firebase.auth.internal.GenericIdpActivity"
150-->[com.google.firebase:firebase-auth:24.0.1] AndroidManifest.xml:30:13-80
151            android:excludeFromRecents="true"
151-->[com.google.firebase:firebase-auth:24.0.1] AndroidManifest.xml:31:13-46
152            android:exported="true"
152-->[com.google.firebase:firebase-auth:24.0.1] AndroidManifest.xml:32:13-36
153            android:launchMode="singleTask"
153-->[com.google.firebase:firebase-auth:24.0.1] AndroidManifest.xml:33:13-44
154            android:theme="@android:style/Theme.Translucent.NoTitleBar" >
154-->[com.google.firebase:firebase-auth:24.0.1] AndroidManifest.xml:34:13-72
155            <intent-filter>
155-->[com.google.firebase:firebase-auth:24.0.1] AndroidManifest.xml:35:13-45:29
156                <action android:name="android.intent.action.VIEW" />
156-->[com.firebaseui:firebase-ui-auth:9.1.1] AndroidManifest.xml:15:13-65
156-->[com.firebaseui:firebase-ui-auth:9.1.1] AndroidManifest.xml:15:21-62
157
158                <category android:name="android.intent.category.DEFAULT" />
158-->[com.firebaseui:firebase-ui-auth:9.1.1] AndroidManifest.xml:103:17-76
158-->[com.firebaseui:firebase-ui-auth:9.1.1] AndroidManifest.xml:103:27-73
159                <category android:name="android.intent.category.BROWSABLE" />
159-->[com.firebaseui:firebase-ui-auth:9.1.1] AndroidManifest.xml:17:13-74
159-->[com.firebaseui:firebase-ui-auth:9.1.1] AndroidManifest.xml:17:23-71
160
161                <data
161-->[com.firebaseui:firebase-ui-auth:9.1.1] AndroidManifest.xml:19:13-43
162                    android:host="firebase.auth"
163                    android:path="/"
164                    android:scheme="genericidp" />
164-->[com.firebaseui:firebase-ui-auth:9.1.1] AndroidManifest.xml:19:19-40
165            </intent-filter>
166        </activity>
167        <activity
167-->[com.google.firebase:firebase-auth:24.0.1] AndroidManifest.xml:47:9-64:20
168            android:name="com.google.firebase.auth.internal.RecaptchaActivity"
168-->[com.google.firebase:firebase-auth:24.0.1] AndroidManifest.xml:48:13-79
169            android:excludeFromRecents="true"
169-->[com.google.firebase:firebase-auth:24.0.1] AndroidManifest.xml:49:13-46
170            android:exported="true"
170-->[com.google.firebase:firebase-auth:24.0.1] AndroidManifest.xml:50:13-36
171            android:launchMode="singleTask"
171-->[com.google.firebase:firebase-auth:24.0.1] AndroidManifest.xml:51:13-44
172            android:theme="@android:style/Theme.Translucent.NoTitleBar" >
172-->[com.google.firebase:firebase-auth:24.0.1] AndroidManifest.xml:52:13-72
173            <intent-filter>
173-->[com.google.firebase:firebase-auth:24.0.1] AndroidManifest.xml:53:13-63:29
174                <action android:name="android.intent.action.VIEW" />
174-->[com.firebaseui:firebase-ui-auth:9.1.1] AndroidManifest.xml:15:13-65
174-->[com.firebaseui:firebase-ui-auth:9.1.1] AndroidManifest.xml:15:21-62
175
176                <category android:name="android.intent.category.DEFAULT" />
176-->[com.firebaseui:firebase-ui-auth:9.1.1] AndroidManifest.xml:103:17-76
176-->[com.firebaseui:firebase-ui-auth:9.1.1] AndroidManifest.xml:103:27-73
177                <category android:name="android.intent.category.BROWSABLE" />
177-->[com.firebaseui:firebase-ui-auth:9.1.1] AndroidManifest.xml:17:13-74
177-->[com.firebaseui:firebase-ui-auth:9.1.1] AndroidManifest.xml:17:23-71
178
179                <data
179-->[com.firebaseui:firebase-ui-auth:9.1.1] AndroidManifest.xml:19:13-43
180                    android:host="firebase.auth"
181                    android:path="/"
182                    android:scheme="recaptcha" />
182-->[com.firebaseui:firebase-ui-auth:9.1.1] AndroidManifest.xml:19:19-40
183            </intent-filter>
184        </activity>
185
186        <service
186-->[com.google.firebase:firebase-auth:24.0.1] AndroidManifest.xml:66:9-72:19
187            android:name="com.google.firebase.components.ComponentDiscoveryService"
187-->[com.google.firebase:firebase-auth:24.0.1] AndroidManifest.xml:67:13-84
188            android:directBootAware="true"
188-->[com.google.firebase:firebase-common:22.0.1] AndroidManifest.xml:32:13-43
189            android:exported="false" >
189-->[com.google.firebase:firebase-auth:24.0.1] AndroidManifest.xml:68:13-37
190            <meta-data
190-->[com.google.firebase:firebase-auth:24.0.1] AndroidManifest.xml:69:13-71:85
191                android:name="com.google.firebase.components:com.google.firebase.auth.FirebaseAuthRegistrar"
191-->[com.google.firebase:firebase-auth:24.0.1] AndroidManifest.xml:70:17-109
192                android:value="com.google.firebase.components.ComponentRegistrar" />
192-->[com.google.firebase:firebase-auth:24.0.1] AndroidManifest.xml:71:17-82
193            <meta-data
193-->[com.google.firebase:firebase-common:22.0.1] AndroidManifest.xml:35:13-37:85
194                android:name="com.google.firebase.components:com.google.firebase.FirebaseCommonKtxRegistrar"
194-->[com.google.firebase:firebase-common:22.0.1] AndroidManifest.xml:36:17-109
195                android:value="com.google.firebase.components.ComponentRegistrar" />
195-->[com.google.firebase:firebase-common:22.0.1] AndroidManifest.xml:37:17-82
196        </service>
197        <service
197-->[androidx.credentials:credentials-play-services-auth:1.3.0] AndroidManifest.xml:24:9-32:19
198            android:name="androidx.credentials.playservices.CredentialProviderMetadataHolder"
198-->[androidx.credentials:credentials-play-services-auth:1.3.0] AndroidManifest.xml:25:13-94
199            android:enabled="true"
199-->[androidx.credentials:credentials-play-services-auth:1.3.0] AndroidManifest.xml:26:13-35
200            android:exported="false" >
200-->[androidx.credentials:credentials-play-services-auth:1.3.0] AndroidManifest.xml:27:13-37
201            <meta-data
201-->[androidx.credentials:credentials-play-services-auth:1.3.0] AndroidManifest.xml:29:13-31:104
202                android:name="androidx.credentials.CREDENTIAL_PROVIDER_KEY"
202-->[androidx.credentials:credentials-play-services-auth:1.3.0] AndroidManifest.xml:30:17-76
203                android:value="androidx.credentials.playservices.CredentialProviderPlayServicesImpl" />
203-->[androidx.credentials:credentials-play-services-auth:1.3.0] AndroidManifest.xml:31:17-101
204        </service>
205
206        <activity
206-->[androidx.credentials:credentials-play-services-auth:1.3.0] AndroidManifest.xml:34:9-41:20
207            android:name="androidx.credentials.playservices.HiddenActivity"
207-->[androidx.credentials:credentials-play-services-auth:1.3.0] AndroidManifest.xml:35:13-76
208            android:configChanges="orientation|screenSize|screenLayout|keyboardHidden"
208-->[androidx.credentials:credentials-play-services-auth:1.3.0] AndroidManifest.xml:36:13-87
209            android:enabled="true"
209-->[androidx.credentials:credentials-play-services-auth:1.3.0] AndroidManifest.xml:37:13-35
210            android:exported="false"
210-->[androidx.credentials:credentials-play-services-auth:1.3.0] AndroidManifest.xml:38:13-37
211            android:fitsSystemWindows="true"
211-->[androidx.credentials:credentials-play-services-auth:1.3.0] AndroidManifest.xml:39:13-45
212            android:theme="@style/Theme.Hidden" >
212-->[androidx.credentials:credentials-play-services-auth:1.3.0] AndroidManifest.xml:40:13-48
213        </activity>
214        <activity
214-->[com.google.android.gms:play-services-auth:21.3.0] AndroidManifest.xml:23:9-27:75
215            android:name="com.google.android.gms.auth.api.signin.internal.SignInHubActivity"
215-->[com.google.android.gms:play-services-auth:21.3.0] AndroidManifest.xml:24:13-93
216            android:excludeFromRecents="true"
216-->[com.google.android.gms:play-services-auth:21.3.0] AndroidManifest.xml:25:13-46
217            android:exported="false"
217-->[com.google.android.gms:play-services-auth:21.3.0] AndroidManifest.xml:26:13-37
218            android:theme="@android:style/Theme.Translucent.NoTitleBar" />
218-->[com.google.android.gms:play-services-auth:21.3.0] AndroidManifest.xml:27:13-72
219        <!--
220            Service handling Google Sign-In user revocation. For apps that do not integrate with
221            Google Sign-In, this service will never be started.
222        -->
223        <service
223-->[com.google.android.gms:play-services-auth:21.3.0] AndroidManifest.xml:33:9-37:51
224            android:name="com.google.android.gms.auth.api.signin.RevocationBoundService"
224-->[com.google.android.gms:play-services-auth:21.3.0] AndroidManifest.xml:34:13-89
225            android:exported="true"
225-->[com.google.android.gms:play-services-auth:21.3.0] AndroidManifest.xml:35:13-36
226            android:permission="com.google.android.gms.auth.api.signin.permission.REVOCATION_NOTIFICATION"
226-->[com.google.android.gms:play-services-auth:21.3.0] AndroidManifest.xml:36:13-107
227            android:visibleToInstantApps="true" />
227-->[com.google.android.gms:play-services-auth:21.3.0] AndroidManifest.xml:37:13-48
228
229        <provider
229-->[com.google.firebase:firebase-common:22.0.1] AndroidManifest.xml:23:9-28:39
230            android:name="com.google.firebase.provider.FirebaseInitProvider"
230-->[com.google.firebase:firebase-common:22.0.1] AndroidManifest.xml:24:13-77
231            android:authorities="edu.utap.firebaseauth.firebaseinitprovider"
231-->[com.google.firebase:firebase-common:22.0.1] AndroidManifest.xml:25:13-72
232            android:directBootAware="true"
232-->[com.google.firebase:firebase-common:22.0.1] AndroidManifest.xml:26:13-43
233            android:exported="false"
233-->[com.google.firebase:firebase-common:22.0.1] AndroidManifest.xml:27:13-37
234            android:initOrder="100" />
234-->[com.google.firebase:firebase-common:22.0.1] AndroidManifest.xml:28:13-36
235
236        <activity
236-->[com.google.android.gms:play-services-base:18.5.0] AndroidManifest.xml:5:9-173
237            android:name="com.google.android.gms.common.api.GoogleApiActivity"
237-->[com.google.android.gms:play-services-base:18.5.0] AndroidManifest.xml:5:19-85
238            android:exported="false"
238-->[com.google.android.gms:play-services-base:18.5.0] AndroidManifest.xml:5:146-170
239            android:theme="@android:style/Theme.Translucent.NoTitleBar" />
239-->[com.google.android.gms:play-services-base:18.5.0] AndroidManifest.xml:5:86-145
240
241        <provider
241-->[androidx.emoji2:emoji2:1.3.0] AndroidManifest.xml:24:9-32:20
242            android:name="androidx.startup.InitializationProvider"
242-->[androidx.emoji2:emoji2:1.3.0] AndroidManifest.xml:25:13-67
243            android:authorities="edu.utap.firebaseauth.androidx-startup"
243-->[androidx.emoji2:emoji2:1.3.0] AndroidManifest.xml:26:13-68
244            android:exported="false" >
244-->[androidx.emoji2:emoji2:1.3.0] AndroidManifest.xml:27:13-37
245            <meta-data
245-->[androidx.emoji2:emoji2:1.3.0] AndroidManifest.xml:29:13-31:52
246                android:name="androidx.emoji2.text.EmojiCompatInitializer"
246-->[androidx.emoji2:emoji2:1.3.0] AndroidManifest.xml:30:17-75
247                android:value="androidx.startup" />
247-->[androidx.emoji2:emoji2:1.3.0] AndroidManifest.xml:31:17-49
248            <meta-data
248-->[androidx.lifecycle:lifecycle-process:2.6.2] AndroidManifest.xml:29:13-31:52
249                android:name="androidx.lifecycle.ProcessLifecycleInitializer"
249-->[androidx.lifecycle:lifecycle-process:2.6.2] AndroidManifest.xml:30:17-78
250                android:value="androidx.startup" />
250-->[androidx.lifecycle:lifecycle-process:2.6.2] AndroidManifest.xml:31:17-49
251            <meta-data
251-->[androidx.profileinstaller:profileinstaller:1.4.0] AndroidManifest.xml:29:13-31:52
252                android:name="androidx.profileinstaller.ProfileInstallerInitializer"
252-->[androidx.profileinstaller:profileinstaller:1.4.0] AndroidManifest.xml:30:17-85
253                android:value="androidx.startup" />
253-->[androidx.profileinstaller:profileinstaller:1.4.0] AndroidManifest.xml:31:17-49
254        </provider>
255
256        <receiver
256-->[androidx.profileinstaller:profileinstaller:1.4.0] AndroidManifest.xml:34:9-52:20
257            android:name="androidx.profileinstaller.ProfileInstallReceiver"
257-->[androidx.profileinstaller:profileinstaller:1.4.0] AndroidManifest.xml:35:13-76
258            android:directBootAware="false"
258-->[androidx.profileinstaller:profileinstaller:1.4.0] AndroidManifest.xml:36:13-44
259            android:enabled="true"
259-->[androidx.profileinstaller:profileinstaller:1.4.0] AndroidManifest.xml:37:13-35
260            android:exported="true"
260-->[androidx.profileinstaller:profileinstaller:1.4.0] AndroidManifest.xml:38:13-36
261            android:permission="android.permission.DUMP" >
261-->[androidx.profileinstaller:profileinstaller:1.4.0] AndroidManifest.xml:39:13-57
262            <intent-filter>
262-->[androidx.profileinstaller:profileinstaller:1.4.0] AndroidManifest.xml:40:13-42:29
263                <action android:name="androidx.profileinstaller.action.INSTALL_PROFILE" />
263-->[androidx.profileinstaller:profileinstaller:1.4.0] AndroidManifest.xml:41:17-91
263-->[androidx.profileinstaller:profileinstaller:1.4.0] AndroidManifest.xml:41:25-88
264            </intent-filter>
265            <intent-filter>
265-->[androidx.profileinstaller:profileinstaller:1.4.0] AndroidManifest.xml:43:13-45:29
266                <action android:name="androidx.profileinstaller.action.SKIP_FILE" />
266-->[androidx.profileinstaller:profileinstaller:1.4.0] AndroidManifest.xml:44:17-85
266-->[androidx.profileinstaller:profileinstaller:1.4.0] AndroidManifest.xml:44:25-82
267            </intent-filter>
268            <intent-filter>
268-->[androidx.profileinstaller:profileinstaller:1.4.0] AndroidManifest.xml:46:13-48:29
269                <action android:name="androidx.profileinstaller.action.SAVE_PROFILE" />
269-->[androidx.profileinstaller:profileinstaller:1.4.0] AndroidManifest.xml:47:17-88
269-->[androidx.profileinstaller:profileinstaller:1.4.0] AndroidManifest.xml:47:25-85
270            </intent-filter>
271            <intent-filter>